<?xml version="1.0" encoding="UTF-8"?>
<testng-results ignored="0" total="3" passed="3" failed="0" skipped="0">
  <reporter-output>
  </reporter-output>
  <suite started-at="2024-01-17T18:51:17 IST" name="Default suite" finished-at="2024-01-17T18:51:28 IST" duration-ms="11099">
    <groups>
    </groups>
    <test started-at="2024-01-17T18:51:17 IST" name="Default test" finished-at="2024-01-17T18:51:28 IST" duration-ms="11099">
      <class name="api.test.UserTests">
        <test-method is-config="true" signature="setupData()[pri:0, instance:api.test.UserTests@5c6648b0]" started-at="2024-01-17T18:51:17 IST" name="setupData" finished-at="2024-01-17T18:51:19 IST" duration-ms="1426" status="PASS">
          <reporter-output>
          </reporter-output>
        </test-method> <!-- setupData -->
        <test-method signature="testPostUser()[pri:1, instance:api.test.UserTests@5c6648b0]" started-at="2024-01-17T18:51:19 IST" name="testPostUser" finished-at="2024-01-17T18:51:26 IST" duration-ms="7643" status="PASS">
          <reporter-output>
          </reporter-output>
        </test-method> <!-- testPostUser -->
        <test-method signature="testGetUser()[pri:2, instance:api.test.UserTests@5c6648b0]" started-at="2024-01-17T18:51:26 IST" name="testGetUser" finished-at="2024-01-17T18:51:27 IST" duration-ms="946" status="PASS">
          <reporter-output>
          </reporter-output>
        </test-method> <!-- testGetUser -->
        <test-method signature="testUpdateUser()[pri:3, instance:api.test.UserTests@5c6648b0]" started-at="2024-01-17T18:51:27 IST" name="testUpdateUser" finished-at="2024-01-17T18:51:28 IST" duration-ms="894" status="PASS">
          <reporter-output>
          </reporter-output>
        </test-method> <!-- testUpdateUser -->
      </class> <!-- api.test.UserTests -->
    </test> <!-- Default test -->
  </suite> <!-- Default suite -->
</testng-results>
