<?xml version="1.0" encoding="UTF-8"?>
<!-- Generated by org.testng.reporters.JUnitXMLReporter -->
<testsuite ignored="0" hostname="DESKTOP-ELJASUQ" failures="0" tests="3" name="Default test" time="11.099" errors="0" timestamp="2024-01-17T18:51:28 IST">
  <testcase classname="api.test.UserTests" name="testPostUser" time="7.643"/>
  <testcase classname="api.test.UserTests" name="testGetUser" time="0.946"/>
  <testcase classname="api.test.UserTests" name="testUpdateUser" time="0.894"/>
</testsuite> <!-- Default test -->
